[2026-03-03 15:48:35] Starting analysis of C:\Users\hv190\OneDrive\ドキュメント\Semester\CD\ML-Basedcodesmelldetectotion compiler\temp_analysis.py
[2026-03-03 15:48:35] AST parsing complete. Starting traversal...
[2026-03-03 15:48:35] AST traversal complete. Checking regex-based smells...
[2026-03-03 15:48:35] Running Data Flow and Taint Analysis...
[2026-03-03 15:48:35] Analysis complete for C:\Users\hv190\OneDrive\ドキュメント\Semester\CD\ML-Basedcodesmelldetectotion compiler\temp_analysis.py. Found 0 smells.
[2026-03-03 15:48:38] Starting analysis of C:\Users\hv190\OneDrive\ドキュメント\Semester\CD\ML-Basedcodesmelldetectotion compiler\temp_analysis.py
[2026-03-03 15:48:38] AST parsing complete. Starting traversal...
[2026-03-03 15:48:38] AST traversal complete. Checking regex-based smells...
[2026-03-03 15:48:38] Running Data Flow and Taint Analysis...
[2026-03-03 15:48:38] Analysis complete for C:\Users\hv190\OneDrive\ドキュメント\Semester\CD\ML-Basedcodesmelldetectotion compiler\temp_analysis.py. Found 6 smells.
[2026-03-03 15:49:38] Starting analysis of C:\Users\hv190\OneDrive\ドキュメント\Semester\CD\ML-Basedcodesmelldetectotion compiler\temp_analysis.py
[2026-03-03 15:49:38] AST parsing complete. Starting traversal...
[2026-03-03 15:49:38] AST traversal complete. Checking regex-based smells...
[2026-03-03 15:49:38] Running Data Flow and Taint Analysis...
[2026-03-03 15:49:38] Analysis complete for C:\Users\hv190\OneDrive\ドキュメント\Semester\CD\ML-Basedcodesmelldetectotion compiler\temp_analysis.py. Found 0 smells.
[2026-03-03 15:49:42] Starting analysis of C:\Users\hv190\OneDrive\ドキュメント\Semester\CD\ML-Basedcodesmelldetectotion compiler\temp_analysis.py
[2026-03-03 15:49:42] AST parsing complete. Starting traversal...
[2026-03-03 15:49:42] AST traversal complete. Checking regex-based smells...
[2026-03-03 15:49:42] Running Data Flow and Taint Analysis...
[2026-03-03 15:49:42] Analysis complete for C:\Users\hv190\OneDrive\ドキュメント\Semester\CD\ML-Basedcodesmelldetectotion compiler\temp_analysis.py. Found 6 smells.
[2026-03-03 15:53:22] Starting analysis of C:\Users\hv190\OneDrive\ドキュメント\Semester\CD\ML-Basedcodesmelldetectotion compiler\temp_analysis.py
[2026-03-03 15:53:22] AST parsing complete. Starting traversal...
[2026-03-03 15:53:22] AST traversal complete. Checking regex-based smells...
[2026-03-03 15:53:22] Running Data Flow and Taint Analysis...
[2026-03-03 15:53:22] Analysis complete for C:\Users\hv190\OneDrive\ドキュメント\Semester\CD\ML-Basedcodesmelldetectotion compiler\temp_analysis.py. Found 0 smells.
[2026-03-03 15:53:26] Starting analysis of C:\Users\hv190\OneDrive\ドキュメント\Semester\CD\ML-Basedcodesmelldetectotion compiler\temp_analysis.py
[2026-03-03 15:53:26] AST parsing complete. Starting traversal...
[2026-03-03 15:53:26] AST traversal complete. Checking regex-based smells...
[2026-03-03 15:53:26] Running Data Flow and Taint Analysis...
[2026-03-03 15:53:26] Analysis complete for C:\Users\hv190\OneDrive\ドキュメント\Semester\CD\ML-Basedcodesmelldetectotion compiler\temp_analysis.py. Found 6 smells.
[2026-03-03 15:55:26] Starting analysis of C:\Users\hv190\OneDrive\ドキュメント\Semester\CD\ML-Basedcodesmelldetectotion compiler\temp_analysis.py
[2026-03-03 15:55:26] AST parsing complete. Starting traversal...
[2026-03-03 15:55:26] AST traversal complete. Checking regex-based smells...
[2026-03-03 15:55:26] Running Data Flow and Taint Analysis...
[2026-03-03 15:55:26] Analysis complete for C:\Users\hv190\OneDrive\ドキュメント\Semester\CD\ML-Basedcodesmelldetectotion compiler\temp_analysis.py. Found 0 smells.
[2026-03-03 15:55:29] Starting analysis of C:\Users\hv190\OneDrive\ドキュメント\Semester\CD\ML-Basedcodesmelldetectotion compiler\temp_analysis.py
[2026-03-03 15:55:29] AST parsing complete. Starting traversal...
[2026-03-03 15:55:29] AST traversal complete. Checking regex-based smells...
[2026-03-03 15:55:29] Running Data Flow and Taint Analysis...
[2026-03-03 15:55:29] Analysis complete for C:\Users\hv190\OneDrive\ドキュメント\Semester\CD\ML-Basedcodesmelldetectotion compiler\temp_analysis.py. Found 6 smells.
